# JRE version: OpenJDK Runtime Environment (8.0_152-b06) (build 1.8.0_152-release-1136-b06)
# Java VM: OpenJDK 64-Bit Server VM (25.152-b06 mixed mode linux-amd64 compressed oops)
Heap:
 PSYoungGen      total 323584K, used 41469K [0x00000000e0000000, 0x00000000f7e80000, 0x0000000100000000)
  eden space 282112K, 0% used [0x00000000e0000000,0x00000000e0000000,0x00000000f1380000)
  from space 41472K, 99% used [0x00000000f5600000,0x00000000f7e7f500,0x00000000f7e80000)
  to   space 37376K, 0% used [0x00000000f1380000,0x00000000f1380000,0x00000000f3800000)
 ParOldGen       total 109568K, used 95466K [0x00000000a0000000, 0x00000000a6b00000, 0x00000000e0000000)
  object space 109568K, 87% used [0x00000000a0000000,0x00000000a5d3abe8,0x00000000a6b00000)
 Metaspace       used 101039K, capacity 105630K, committed 107904K, reserved 1142784K
  class space    used 12492K, capacity 13438K, committed 13952K, reserved 1048576K
GC Heap History (10 events):
Event: 13506,786 GC heap after
Heap after GC invocations=27 (full 3):
 PSYoungGen      total 299520K, used 24615K [0x00000000e0000000, 0x00000000f4b80000, 0x0000000100000000)
  eden space 261120K, 0% used [0x00000000e0000000,0x00000000e0000000,0x00000000eff00000)
  from space 38400K, 64% used [0x00000000f2500000,0x00000000f3d09f68,0x00000000f4a80000)
  to   space 38912K, 0% used [0x00000000eff00000,0x00000000eff00000,0x00000000f2500000)
 ParOldGen       total 109568K, used 74710K [0x00000000a0000000, 0x00000000a6b00000, 0x00000000e0000000)
  object space 109568K, 68% used [0x00000000a0000000,0x00000000a48f5ac0,0x00000000a6b00000)
 Metaspace       used 88210K, capacity 93994K, committed 94080K, reserved 1130496K
  class space    used 11192K, capacity 12390K, committed 12416K, reserved 1048576K
}
Event: 13506,786 GC heap before
{Heap before GC invocations=28 (full 4):
 PSYoungGen      total 299520K, used 24615K [0x00000000e0000000, 0x00000000f4b80000, 0x0000000100000000)
  eden space 261120K, 0% used [0x00000000e0000000,0x00000000e0000000,0x00000000eff00000)
  from space 38400K, 64% used [0x00000000f2500000,0x00000000f3d09f68,0x00000000f4a80000)
  to   space 38912K, 0% used [0x00000000eff00000,0x00000000eff00000,0x00000000f2500000)
 ParOldGen       total 109568K, used 74710K [0x00000000a0000000, 0x00000000a6b00000, 0x00000000e0000000)
  object space 109568K, 68% used [0x00000000a0000000,0x00000000a48f5ac0,0x00000000a6b00000)
 Metaspace       used 88210K, capacity 93994K, committed 94080K, reserved 1130496K
  class space    used 11192K, capacity 12390K, committed 12416K, reserved 1048576K
Event: 13508,451 GC heap after
Heap after GC invocations=28 (full 4):
 PSYoungGen      total 299520K, used 0K [0x00000000e0000000, 0x00000000f4b80000, 0x0000000100000000)
  eden space 261120K, 0% used [0x00000000e0000000,0x00000000e0000000,0x00000000eff00000)
  from space 38400K, 0% used [0x00000000f2500000,0x00000000f2500000,0x00000000f4a80000)
  to   space 38912K, 0% used [0x00000000eff00000,0x00000000eff00000,0x00000000f2500000)
 ParOldGen       total 109568K, used 43739K [0x00000000a0000000, 0x00000000a6b00000, 0x00000000e0000000)
  object space 109568K, 39% used [0x00000000a0000000,0x00000000a2ab6cb8,0x00000000a6b00000)
 Metaspace       used 85318K, capacity 89140K, committed 94080K, reserved 1130496K
  class space    used 10608K, capacity 11385K, committed 12416K, reserved 1048576K
}
Event: 13543,254 GC heap before
{Heap before GC invocations=29 (full 4):
 PSYoungGen      total 299520K, used 261120K [0x00000000e0000000, 0x00000000f4b80000, 0x0000000100000000)
  eden space 261120K, 100% used [0x00000000e0000000,0x00000000eff00000,0x00000000eff00000)
  from space 38400K, 0% used [0x00000000f2500000,0x00000000f2500000,0x00000000f4a80000)
  to   space 38912K, 0% used [0x00000000eff00000,0x00000000eff00000,0x00000000f2500000)
 ParOldGen       total 109568K, used 43739K [0x00000000a0000000, 0x00000000a6b00000, 0x00000000e0000000)
  object space 109568K, 39% used [0x00000000a0000000,0x00000000a2ab6cb8,0x00000000a6b00000)
 Metaspace       used 89812K, capacity 93636K, committed 97152K, reserved 1134592K
  class space    used 11185K, capacity 11935K, committed 12672K, reserved 1048576K
Event: 13543,343 GC heap after
Heap after GC invocations=29 (full 4):
 PSYoungGen      total 300032K, used 23774K [0x00000000e0000000, 0x00000000f6680000, 0x0000000100000000)
  eden space 261120K, 0% used [0x00000000e0000000,0x00000000e0000000,0x00000000eff00000)
  from space 38912K, 61% used [0x00000000eff00000,0x00000000f1637a88,0x00000000f2500000)
  to   space 38912K, 0% used [0x00000000f4080000,0x00000000f4080000,0x00000000f6680000)
 ParOldGen       total 109568K, used 43747K [0x00000000a0000000, 0x00000000a6b00000, 0x00000000e0000000)
  object space 109568K, 39% used [0x00000000a0000000,0x00000000a2ab8cb8,0x00000000a6b00000)
 Metaspace       used 89812K, capacity 93636K, committed 97152K, reserved 1134592K
  class space    used 11185K, capacity 11935K, committed 12672K, reserved 1048576K
}
Event: 13550,446 GC heap before
{Heap before GC invocations=30 (full 4):
 PSYoungGen      total 300032K, used 284894K [0x00000000e0000000, 0x00000000f6680000, 0x0000000100000000)
  eden space 261120K, 100% used [0x00000000e0000000,0x00000000eff00000,0x00000000eff00000)
  from space 38912K, 61% used [0x00000000eff00000,0x00000000f1637a88,0x00000000f2500000)
  to   space 38912K, 0% used [0x00000000f4080000,0x00000000f4080000,0x00000000f6680000)
 ParOldGen       total 109568K, used 43747K [0x00000000a0000000, 0x00000000a6b00000, 0x00000000e0000000)
  object space 109568K, 39% used [0x00000000a0000000,0x00000000a2ab8cb8,0x00000000a6b00000)
 Metaspace       used 91307K, capacity 95210K, committed 98560K, reserved 1134592K
  class space    used 11284K, capacity 12096K, committed 12800K, reserved 1048576K
Event: 13550,504 GC heap after
Heap after GC invocations=30 (full 4):
 PSYoungGen      total 310784K, used 16674K [0x00000000e0000000, 0x00000000f5c80000, 0x0000000100000000)
  eden space 282112K, 0% used [0x00000000e0000000,0x00000000e0000000,0x00000000f1380000)
  from space 28672K, 58% used [0x00000000f4080000,0x00000000f50c8ab8,0x00000000f5c80000)
  to   space 37376K, 0% used [0x00000000f1380000,0x00000000f1380000,0x00000000f3800000)
 ParOldGen       total 109568K, used 43755K [0x00000000a0000000, 0x00000000a6b00000, 0x00000000e0000000)
  object space 109568K, 39% used [0x00000000a0000000,0x00000000a2abacb8,0x00000000a6b00000)
 Metaspace       used 91307K, capacity 95210K, committed 98560K, reserved 1134592K
  class space    used 11284K, capacity 12096K, committed 12800K, reserved 1048576K
}
Event: 13559,580 GC heap before
{Heap before GC invocations=31 (full 4):
 PSYoungGen      total 310784K, used 298786K [0x00000000e0000000, 0x00000000f5c80000, 0x0000000100000000)
  eden space 282112K, 100% used [0x00000000e0000000,0x00000000f1380000,0x00000000f1380000)
  from space 28672K, 58% used [0x00000000f4080000,0x00000000f50c8ab8,0x00000000f5c80000)
  to   space 37376K, 0% used [0x00000000f1380000,0x00000000f1380000,0x00000000f3800000)
 ParOldGen       total 109568K, used 43755K [0x00000000a0000000, 0x00000000a6b00000, 0x00000000e0000000)
  object space 109568K, 39% used [0x00000000a0000000,0x00000000a2abacb8,0x00000000a6b00000)
 Metaspace       used 99670K, capacity 104170K, committed 106368K, reserved 1142784K
  class space    used 12348K, capacity 13258K, committed 13696K, reserved 1048576K
Event: 13559,737 GC heap after
Heap after GC invocations=31 (full 4):
 PSYoungGen      total 319488K, used 35775K [0x00000000e0000000, 0x00000000f7e80000, 0x0000000100000000)
  eden space 282112K, 0% used [0x00000000e0000000,0x00000000e0000000,0x00000000f1380000)
  from space 37376K, 95% used [0x00000000f1380000,0x00000000f366fe98,0x00000000f3800000)
  to   space 41472K, 0% used [0x00000000f5600000,0x00000000f5600000,0x00000000f7e80000)
 ParOldGen       total 109568K, used 43763K [0x00000000a0000000, 0x00000000a6b00000, 0x00000000e0000000)
  object space 109568K, 39% used [0x00000000a0000000,0x00000000a2abccb8,0x00000000a6b00000)
 Metaspace       used 99670K, capacity 104170K, committed 106368K, reserved 1142784K
  class space    used 12348K, capacity 13258K, committed 13696K, reserved 1048576K
}
Event: 13564,989 GC heap before
{Heap before GC invocations=32 (full 4):
 PSYoungGen      total 319488K, used 317887K [0x00000000e0000000, 0x00000000f7e80000, 0x0000000100000000)
  eden space 282112K, 100% used [0x00000000e0000000,0x00000000f1380000,0x00000000f1380000)
  from space 37376K, 95% used [0x00000000f1380000,0x00000000f366fe98,0x00000000f3800000)
  to   space 41472K, 0% used [0x00000000f5600000,0x00000000f5600000,0x00000000f7e80000)
 ParOldGen       total 109568K, used 43763K [0x00000000a0000000, 0x00000000a6b00000, 0x00000000e0000000)
  object space 109568K, 39% used [0x00000000a0000000,0x00000000a2abccb8,0x00000000a6b00000)
 Metaspace       used 101039K, capacity 105630K, committed 107904K, reserved 1142784K
  class space    used 12492K, capacity 13438K, committed 13952K, reserved 1048576K

